<?xml version="1.0" encoding="UTF-8"?>
<!-- Generated by org.testng.reporters.JUnitReportReporter -->
<testsuite hostname="IN-FZSZ9K3" failures="0" tests="1" name="TestPackage.SearchClass" time="5.210" errors="0" timestamp="2024-01-09T15:40:42 IST" skipped="0">
  <testcase classname="TestPackage.SearchClass" name="SearchPOM" time="5.210"/>
  <system-out/>
</testsuite> <!-- TestPackage.SearchClass -->
