<?xml version="1.0" encoding="UTF-8"?>
<!-- Generated by org.testng.reporters.JUnitReportReporter -->
<testsuite hostname="IN-FZSZ9K3" failures="0" tests="1" name="TestPackage.LoginClass" time="2.052" errors="0" timestamp="2024-01-09T15:40:42 IST" skipped="0">
  <testcase classname="TestPackage.LoginClass" name="LoginPOM" time="2.052"/>
  <system-out/>
</testsuite> <!-- TestPackage.LoginClass -->
