<?xml version="1.0" encoding="UTF-8"?>
<!-- Generated by org.testng.reporters.JUnitReportReporter -->
<testsuite hostname="IN-FZSZ9K3" failures="0" tests="1" name="TestPackage.CartClass" time="3.000" errors="0" timestamp="2024-01-09T15:40:42 IST" skipped="0">
  <testcase classname="TestPackage.CartClass" name="Cart" time="3.000"/>
  <system-out/>
</testsuite> <!-- TestPackage.CartClass -->
